<?xml version="1.0" encoding="UTF-8" ?>
<testsuite tests="7" failures="0" name="TestSuite" time="13.288" errors="0" skipped="0">
  <properties>
    <property name="java.runtime.name" value="Java(TM) SE Runtime Environment"/>
    <property name="sun.boot.library.path" value="C:\Program Files\Java\jdk1.8.0_221\jre\bin"/>
    <property name="java.vm.version" value="25.221-b11"/>
    <property name="java.vm.vendor" value="Oracle Corporation"/>
    <property name="java.vendor.url" value="http://java.oracle.com/"/>
    <property name="path.separator" value=";"/>
    <property name="java.vm.name" value="Java HotSpot(TM) 64-Bit Server VM"/>
    <property name="file.encoding.pkg" value="sun.io"/>
    <property name="user.script" value=""/>
    <property name="user.country" value="CN"/>
    <property name="sun.java.launcher" value="SUN_STANDARD"/>
    <property name="sun.os.patch.level" value=""/>
    <property name="java.vm.specification.name" value="Java Virtual Machine Specification"/>
    <property name="user.dir" value="C:\Users\miko\IdeaProjects\MyJavaAutoTest\part6-MyBatisMySQL"/>
    <property name="java.runtime.version" value="1.8.0_221-b11"/>
    <property name="java.awt.graphicsenv" value="sun.awt.Win32GraphicsEnvironment"/>
    <property name="basedir" value="C:\Users\miko\IdeaProjects\MyJavaAutoTest\part6-MyBatisMySQL"/>
    <property name="java.endorsed.dirs" value="C:\Program Files\Java\jdk1.8.0_221\jre\lib\endorsed"/>
    <property name="os.arch" value="amd64"/>
    <property name="surefire.real.class.path" value="C:\Users\miko\IdeaProjects\MyJavaAutoTest\part6-MyBatisMySQL\target\surefire\surefirebooter3629495671501638244.jar"/>
    <property name="java.io.tmpdir" value="C:\Users\miko\AppData\Local\Temp\"/>
    <property name="line.separator" value="
"/>
    <property name="java.vm.specification.vendor" value="Oracle Corporation"/>
    <property name="user.variant" value=""/>
    <property name="os.name" value="Windows 10"/>
    <property name="sun.jnu.encoding" value="GBK"/>
    <property name="java.library.path" value="C:\Program Files\Java\jdk1.8.0_221\jre\bin;C:\WINDOWS\Sun\Java\bin;C:\WINDOWS\system32;C:\WINDOWS;C:\Program Files (x86)\VMware\VMware Workstation\bin\;C:\Python310\Scripts\;C:\Python310\;C:\Program Files (x86)\Common Files\Oracle\Java\javapath;C:\WINDOWS\system32;C:\WINDOWS;C:\WINDOWS\System32\Wbem;C:\WINDOWS\System32\WindowsPowerShell\v1.0\;C:\WINDOWS\System32\OpenSSH\;C:\Program Files\TortoiseGit\bin;&quot;C:\Program Files\Java\jdk1.8.0_221\bin\bin;C:\Program Files\Java\jdk1.8.0_221\bin\jre\bin&quot;;D:\Program Files\nodejs\;C:\ProgramData\chocolatey\bin;C:\Program Files (x86)\税务证书应用客户端;C:\Progr;m Files (x86)\ZeroTier\One\;C:\Program Files\Git\cmd;D:\Program Files\apache-maven-3.6.3\bin;C:\Users\miko\AppData\Local\Programs\Python\Python39\Scripts\;C:\Users\miko\AppData\Local\Programs\Python\Python39\;C:\Users\miko\AppData\Local\Microsoft\WindowsApps;C:\Users\miko\AppData\Roaming\npm;C:\Program Files\Java\jdk1.8.0_221\bin\bin;C:\Program Files\Java\jdk1.8.0_221\bin\jre\bin;C:\Users\miko\AppData\Local\Programs\Microsoft VS Code\bin;C:\Program Files\JetBrains\IntelliJ IDEA 2019.2.4\bin;;C:\Program Files\JetBrains\IntelliJ IDEA Community Edition 2022.3.3\bin;;D:\Program Files\apache-maven-3.6.3\bin;;."/>
    <property name="surefire.test.class.path" value="C:\Users\miko\IdeaProjects\MyJavaAutoTest\part6-MyBatisMySQL\target\test-classes;C:\Users\miko\IdeaProjects\MyJavaAutoTest\part6-MyBatisMySQL\target\classes;C:\Users\miko\.m2\repository\org\apache\httpcomponents\httpclient\4.1.2\httpclient-4.1.2.jar;C:\Users\miko\.m2\repository\org\apache\httpcomponents\httpcore\4.4.6\httpcore-4.4.6.jar;C:\Users\miko\.m2\repository\commons-codec\commons-codec\1.10\commons-codec-1.10.jar;C:\Users\miko\.m2\repository\org\testng\testng\6.10\testng-6.10.jar;C:\Users\miko\.m2\repository\com\beust\jcommander\1.48\jcommander-1.48.jar;C:\Users\miko\.m2\repository\org\mybatis\mybatis\3.4.4\mybatis-3.4.4.jar;C:\Users\miko\.m2\repository\mysql\mysql-connector-java\8.0.13\mysql-connector-java-8.0.13.jar;C:\Users\miko\.m2\repository\com\google\protobuf\protobuf-java\3.6.1\protobuf-java-3.6.1.jar;C:\Users\miko\.m2\repository\org\projectlombok\lombok\1.16.16\lombok-1.16.16.jar;C:\Users\miko\.m2\repository\com\relevantcodes\extentreports\2.41.1\extentreports-2.41.1.jar;C:\Users\miko\.m2\repository\org\jsoup\jsoup\1.8.3\jsoup-1.8.3.jar;C:\Users\miko\.m2\repository\org\xerial\sqlite-jdbc\3.15.1\sqlite-jdbc-3.15.1.jar;C:\Users\miko\.m2\repository\org\freemarker\freemarker\2.3.26-incubating\freemarker-2.3.26-incubating.jar;C:\Users\miko\.m2\repository\org\mongodb\mongodb-driver\3.4.2\mongodb-driver-3.4.2.jar;C:\Users\miko\.m2\repository\org\mongodb\bson\3.4.2\bson-3.4.2.jar;C:\Users\miko\.m2\repository\org\mongodb\mongodb-driver-core\3.4.2\mongodb-driver-core-3.4.2.jar;C:\Users\miko\.m2\repository\com\vimalselvam\testng-extentsreport\1.3.1\testng-extentsreport-1.3.1.jar;C:\Users\miko\.m2\repository\com\google\guava\guava\20.0\guava-20.0.jar;C:\Users\miko\.m2\repository\com\aventstack\extentreports\3.0.6\extentreports-3.0.6.jar;C:\Users\miko\.m2\repository\org\apache\httpcomponents\httpmime\4.5.3\httpmime-4.5.3.jar;C:\Users\miko\.m2\repository\org\json\json\20140107\json-20140107.jar;C:\Users\miko\.m2\repository\commons-logging\commons-logging\1.1\commons-logging-1.1.jar;C:\Users\miko\.m2\repository\log4j\log4j\1.2.12\log4j-1.2.12.jar;C:\Users\miko\.m2\repository\logkit\logkit\1.0.1\logkit-1.0.1.jar;C:\Users\miko\.m2\repository\avalon-framework\avalon-framework\4.1.3\avalon-framework-4.1.3.jar;C:\Users\miko\.m2\repository\javax\servlet\servlet-api\2.3\servlet-api-2.3.jar;"/>
    <property name="java.specification.name" value="Java Platform API Specification"/>
    <property name="java.class.version" value="52.0"/>
    <property name="sun.management.compiler" value="HotSpot 64-Bit Tiered Compilers"/>
    <property name="os.version" value="10.0"/>
    <property name="user.home" value="C:\Users\miko"/>
    <property name="user.timezone" value="Asia/Shanghai"/>
    <property name="java.awt.printerjob" value="sun.awt.windows.WPrinterJob"/>
    <property name="java.specification.version" value="1.8"/>
    <property name="file.encoding" value="GBK"/>
    <property name="user.name" value="miko"/>
    <property name="java.class.path" value="C:\Users\miko\IdeaProjects\MyJavaAutoTest\part6-MyBatisMySQL\target\test-classes;C:\Users\miko\IdeaProjects\MyJavaAutoTest\part6-MyBatisMySQL\target\classes;C:\Users\miko\.m2\repository\org\apache\httpcomponents\httpclient\4.1.2\httpclient-4.1.2.jar;C:\Users\miko\.m2\repository\org\apache\httpcomponents\httpcore\4.4.6\httpcore-4.4.6.jar;C:\Users\miko\.m2\repository\commons-codec\commons-codec\1.10\commons-codec-1.10.jar;C:\Users\miko\.m2\repository\org\testng\testng\6.10\testng-6.10.jar;C:\Users\miko\.m2\repository\com\beust\jcommander\1.48\jcommander-1.48.jar;C:\Users\miko\.m2\repository\org\mybatis\mybatis\3.4.4\mybatis-3.4.4.jar;C:\Users\miko\.m2\repository\mysql\mysql-connector-java\8.0.13\mysql-connector-java-8.0.13.jar;C:\Users\miko\.m2\repository\com\google\protobuf\protobuf-java\3.6.1\protobuf-java-3.6.1.jar;C:\Users\miko\.m2\repository\org\projectlombok\lombok\1.16.16\lombok-1.16.16.jar;C:\Users\miko\.m2\repository\com\relevantcodes\extentreports\2.41.1\extentreports-2.41.1.jar;C:\Users\miko\.m2\repository\org\jsoup\jsoup\1.8.3\jsoup-1.8.3.jar;C:\Users\miko\.m2\repository\org\xerial\sqlite-jdbc\3.15.1\sqlite-jdbc-3.15.1.jar;C:\Users\miko\.m2\repository\org\freemarker\freemarker\2.3.26-incubating\freemarker-2.3.26-incubating.jar;C:\Users\miko\.m2\repository\org\mongodb\mongodb-driver\3.4.2\mongodb-driver-3.4.2.jar;C:\Users\miko\.m2\repository\org\mongodb\bson\3.4.2\bson-3.4.2.jar;C:\Users\miko\.m2\repository\org\mongodb\mongodb-driver-core\3.4.2\mongodb-driver-core-3.4.2.jar;C:\Users\miko\.m2\repository\com\vimalselvam\testng-extentsreport\1.3.1\testng-extentsreport-1.3.1.jar;C:\Users\miko\.m2\repository\com\google\guava\guava\20.0\guava-20.0.jar;C:\Users\miko\.m2\repository\com\aventstack\extentreports\3.0.6\extentreports-3.0.6.jar;C:\Users\miko\.m2\repository\org\apache\httpcomponents\httpmime\4.5.3\httpmime-4.5.3.jar;C:\Users\miko\.m2\repository\org\json\json\20140107\json-20140107.jar;C:\Users\miko\.m2\repository\commons-logging\commons-logging\1.1\commons-logging-1.1.jar;C:\Users\miko\.m2\repository\log4j\log4j\1.2.12\log4j-1.2.12.jar;C:\Users\miko\.m2\repository\logkit\logkit\1.0.1\logkit-1.0.1.jar;C:\Users\miko\.m2\repository\avalon-framework\avalon-framework\4.1.3\avalon-framework-4.1.3.jar;C:\Users\miko\.m2\repository\javax\servlet\servlet-api\2.3\servlet-api-2.3.jar;"/>
    <property name="java.vm.specification.version" value="1.8"/>
    <property name="sun.arch.data.model" value="64"/>
    <property name="java.home" value="C:\Program Files\Java\jdk1.8.0_221\jre"/>
    <property name="sun.java.command" value="C:\Users\miko\IdeaProjects\MyJavaAutoTest\part6-MyBatisMySQL\target\surefire\surefirebooter3629495671501638244.jar C:\Users\miko\IdeaProjects\MyJavaAutoTest\part6-MyBatisMySQL\target\surefire\surefire732392252448130470tmp C:\Users\miko\IdeaProjects\MyJavaAutoTest\part6-MyBatisMySQL\target\surefire\surefire1239855352511794791tmp"/>
    <property name="java.specification.vendor" value="Oracle Corporation"/>
    <property name="user.language" value="zh"/>
    <property name="awt.toolkit" value="sun.awt.windows.WToolkit"/>
    <property name="java.vm.info" value="mixed mode"/>
    <property name="java.version" value="1.8.0_221"/>
    <property name="java.ext.dirs" value="C:\Program Files\Java\jdk1.8.0_221\jre\lib\ext;C:\WINDOWS\Sun\Java\lib\ext"/>
    <property name="sun.boot.class.path" value="C:\Program Files\Java\jdk1.8.0_221\jre\lib\resources.jar;C:\Program Files\Java\jdk1.8.0_221\jre\lib\rt.jar;C:\Program Files\Java\jdk1.8.0_221\jre\lib\sunrsasign.jar;C:\Program Files\Java\jdk1.8.0_221\jre\lib\jsse.jar;C:\Program Files\Java\jdk1.8.0_221\jre\lib\jce.jar;C:\Program Files\Java\jdk1.8.0_221\jre\lib\charsets.jar;C:\Program Files\Java\jdk1.8.0_221\jre\lib\jfr.jar;C:\Program Files\Java\jdk1.8.0_221\jre\classes"/>
    <property name="java.vendor" value="Oracle Corporation"/>
    <property name="localRepository" value="C:\Users\miko\.m2\repository"/>
    <property name="file.separator" value="\"/>
    <property name="java.vendor.url.bug" value="http://bugreport.sun.com/bugreport/"/>
    <property name="sun.cpu.endian" value="little"/>
    <property name="sun.io.unicode.encoding" value="UnicodeLittle"/>
    <property name="sun.desktop" value="windows"/>
    <property name="sun.cpu.isalist" value="amd64"/>
  </properties>
  <testcase classname="com.my.cases.LoginTest" name="loginTrue" time="0.973"/>
  <testcase classname="com.my.cases.LoginTest" name="loginFalse" time="0.042"/>
  <testcase classname="com.my.cases.AddUserTest" name="addUser" time="2.102"/>
  <testcase classname="com.my.cases.GetUserInfoTest" name="getUserInfo" time="2.04"/>
  <testcase classname="com.my.cases.UpdateUserInfoTest" name="updateUserInfo" time="3.076"/>
  <testcase classname="com.my.cases.UpdateUserInfoTest" name="deleteUser" time="2.038"/>
  <testcase classname="com.my.cases.GetUserInfoListTest" name="getUserListInfo" time="2.076"/>
</testsuite>