<?xml version="1.0" encoding="UTF-8"?>
<!-- Generated by org.testng.reporters.JUnitReportReporter -->
<testsuite name="com.my.cases.GetUserInfoListTest" tests="1" time="2.076" ignored="0" failures="0" timestamp="03 六月 2023 16:34:57 GMT" skipped="0" hostname="LAPTOP-2NBJ6FCH" errors="0">
  <testcase name="getUserListInfo" time="2.076" classname="com.my.cases.GetUserInfoListTest"/>
</testsuite> <!-- com.my.cases.GetUserInfoListTest -->
