<?xml version="1.0" encoding="UTF-8"?>
<!-- Generated by org.testng.reporters.JUnitReportReporter -->
<testsuite name="com.my.cases.UpdateUserInfoTest" tests="2" time="5.115" ignored="0" failures="0" timestamp="03 六月 2023 16:34:57 GMT" skipped="0" hostname="LAPTOP-2NBJ6FCH" errors="0">
  <testcase name="updateUserInfo" time="3.076" classname="com.my.cases.UpdateUserInfoTest"/>
  <testcase name="deleteUser" time="2.039" classname="com.my.cases.UpdateUserInfoTest"/>
</testsuite> <!-- com.my.cases.UpdateUserInfoTest -->
