<?xml version="1.0" encoding="UTF-8"?>
<!-- Generated by org.testng.reporters.JUnitReportReporter -->
<testsuite name="com.my.cases.LoginTest" tests="2" time="1.013" ignored="0" failures="0" timestamp="03 六月 2023 16:34:57 GMT" skipped="0" hostname="LAPTOP-2NBJ6FCH" errors="0">
  <testcase name="loginTrue" time="0.972" classname="com.my.cases.LoginTest"/>
  <testcase name="loginFalse" time="0.041" classname="com.my.cases.LoginTest"/>
</testsuite> <!-- com.my.cases.LoginTest -->
